The system is: Linux - 4.2.0-36-generic - x86_64
Compiling the C compiler identification source file "CMakeCCompilerId.c" succeeded.
Compiler: /usr/bin/cc 
Build flags: 
Id flags: 

The output was:
0


Compilation of the C compiler identification source "CMakeCCompilerId.c" produced "a.out"

The C compiler identification is GNU, found in "/home/leo/Desktop/ext3DLBP/python_wrapper/build/CMakeFiles/3.2.2/CompilerIdC/a.out"

Compiling the CXX compiler identification source file "CMakeCXXCompilerId.cpp" succeeded.
Compiler: /usr/bin/c++ 
Build flags: 
Id flags: 

The output was:
0


Compilation of the CXX compiler identification source "CMakeCXXCompilerId.cpp" produced "a.out"

The CXX compiler identification is GNU, found in "/home/leo/Desktop/ext3DLBP/python_wrapper/build/CMakeFiles/3.2.2/CompilerIdCXX/a.out"

Determining if the C compiler works passed with the following output:
Change Dir: /home/leo/Desktop/ext3DLBP/python_wrapper/build/CMakeFiles/CMakeTmp

Run Build Command:"/usr/bin/make" "cmTryCompileExec789491929/fast"
/usr/bin/make -f CMakeFiles/cmTryCompileExec789491929.dir/build.make CMakeFiles/cmTryCompileExec789491929.dir/build
make[1]: Entering directory '/home/leo/Desktop/ext3DLBP/python_wrapper/build/CMakeFiles/CMakeTmp'
/usr/bin/cmake -E cmake_progress_report /home/leo/Desktop/ext3DLBP/python_wrapper/build/CMakeFiles/CMakeTmp/CMakeFiles 1
Building C object CMakeFiles/cmTryCompileExec789491929.dir/testCCompiler.c.o
/usr/bin/cc    -o CMakeFiles/cmTryCompileExec789491929.dir/testCCompiler.c.o   -c /home/leo/Desktop/ext3DLBP/python_wrapper/build/CMakeFiles/CMakeTmp/testCCompiler.c
Linking C executable cmTryCompileExec789491929
/usr/bin/cmake -E cmake_link_script CMakeFiles/cmTryCompileExec789491929.dir/link.txt --verbose=1
/usr/bin/cc       CMakeFiles/cmTryCompileExec789491929.dir/testCCompiler.c.o  -o cmTryCompileExec789491929 -rdynamic 
make[1]: Leaving directory '/home/leo/Desktop/ext3DLBP/python_wrapper/build/CMakeFiles/CMakeTmp'


Detecting C compiler ABI info compiled with the following output:
Change Dir: /home/leo/Desktop/ext3DLBP/python_wrapper/build/CMakeFiles/CMakeTmp

Run Build Command:"/usr/bin/make" "cmTryCompileExec2630563881/fast"
/usr/bin/make -f CMakeFiles/cmTryCompileExec2630563881.dir/build.make CMakeFiles/cmTryCompileExec2630563881.dir/build
make[1]: Entering directory '/home/leo/Desktop/ext3DLBP/python_wrapper/build/CMakeFiles/CMakeTmp'
/usr/bin/cmake -E cmake_progress_report /home/leo/Desktop/ext3DLBP/python_wrapper/build/CMakeFiles/CMakeTmp/CMakeFiles 1
Building C object CMakeFiles/cmTryCompileExec2630563881.dir/CMakeCCompilerABI.c.o
/usr/bin/cc    -o CMakeFiles/cmTryCompileExec2630563881.dir/CMakeCCompilerABI.c.o   -c /usr/share/cmake-3.2/Modules/CMakeCCompilerABI.c
Linking C executable cmTryCompileExec2630563881
/usr/bin/cmake -E cmake_link_script CMakeFiles/cmTryCompileExec2630563881.dir/link.txt --verbose=1
/usr/bin/cc      -v CMakeFiles/cmTryCompileExec2630563881.dir/CMakeCCompilerABI.c.o  -o cmTryCompileExec2630563881 -rdynamic  
Using built-in specs.
COLLECT_GCC=/usr/bin/cc
COLLECT_LTO_WRAPPER=/usr/bin/gcc-5.3/libexec/gcc/x86_64-unknown-linux-gnu/5.3.0/lto-wrapper
Target: x86_64-unknown-linux-gnu
Configured with: ./configure --disable-checking --enable-languages=c,c++,objc --disable-multilib --with-system-zlib prefix=/usr/bin/gcc-5.3
Thread model: posix
gcc version 5.3.0 (GCC) 
COMPILER_PATH=/usr/bin/gcc-5.3/libexec/gcc/x86_64-unknown-linux-gnu/5.3.0/:/usr/bin/gcc-5.3/libexec/gcc/x86_64-unknown-linux-gnu/5.3.0/:/usr/bin/gcc-5.3/libexec/gcc/x86_64-unknown-linux-gnu/:/usr/bin/gcc-5.3/lib/gcc/x86_64-unknown-linux-gnu/5.3.0/:/usr/bin/gcc-5.3/lib/gcc/x86_64-unknown-linux-gnu/
LIBRARY_PATH=/usr/bin/gcc-5.3/lib/gcc/x86_64-unknown-linux-gnu/5.3.0/:/usr/bin/gcc-5.3/lib/gcc/x86_64-unknown-linux-gnu/5.3.0/../../../../lib64/:/lib/x86_64-linux-gnu/:/lib/../lib64/:/usr/lib/x86_64-linux-gnu/:/usr/bin/gcc-5.3/lib/gcc/x86_64-unknown-linux-gnu/5.3.0/../../../:/lib/:/usr/lib/
COLLECT_GCC_OPTIONS='-v' '-o' 'cmTryCompileExec2630563881' '-rdynamic' '-mtune=generic' '-march=x86-64'
 /usr/bin/gcc-5.3/libexec/gcc/x86_64-unknown-linux-gnu/5.3.0/collect2 -plugin /usr/bin/gcc-5.3/libexec/gcc/x86_64-unknown-linux-gnu/5.3.0/liblto_plugin.so -plugin-opt=/usr/bin/gcc-5.3/libexec/gcc/x86_64-unknown-linux-gnu/5.3.0/lto-wrapper -plugin-opt=-fresolution=/tmp/ccrk6c5R.res -plugin-opt=-pass-through=-lgcc -plugin-opt=-pass-through=-lgcc_s -plugin-opt=-pass-through=-lc -plugin-opt=-pass-through=-lgcc -plugin-opt=-pass-through=-lgcc_s --eh-frame-hdr -m elf_x86_64 -export-dynamic -dynamic-linker /lib64/ld-linux-x86-64.so.2 -o cmTryCompileExec2630563881 /usr/lib/x86_64-linux-gnu/crt1.o /usr/lib/x86_64-linux-gnu/crti.o /usr/bin/gcc-5.3/lib/gcc/x86_64-unknown-linux-gnu/5.3.0/crtbegin.o -L/usr/bin/gcc-5.3/lib/gcc/x86_64-unknown-linux-gnu/5.3.0 -L/usr/bin/gcc-5.3/lib/gcc/x86_64-unknown-linux-gnu/5.3.0/../../../../lib64 -L/lib/x86_64-linux-gnu -L/lib/../lib64 -L/usr/lib/x86_64-linux-gnu -L/usr/bin/gcc-5.3/lib/gcc/x86_64-unknown-linux-gnu/5.3.0/../../.. CMakeFiles/cmTryCompileExec2630563881.dir/CMakeCCompilerABI.c.o -lgcc --as-needed -lgcc_s --no-as-needed -lc -lgcc --as-needed -lgcc_s --no-as-needed /usr/bin/gcc-5.3/lib/gcc/x86_64-unknown-linux-gnu/5.3.0/crtend.o /usr/lib/x86_64-linux-gnu/crtn.o
make[1]: Leaving directory '/home/leo/Desktop/ext3DLBP/python_wrapper/build/CMakeFiles/CMakeTmp'


Parsed C implicit link information from above output:
  link line regex: [^( *|.*[/\])(ld|([^/\]+-)?ld|collect2)[^/\]*( |$)]
  ignore line: [Change Dir: /home/leo/Desktop/ext3DLBP/python_wrapper/build/CMakeFiles/CMakeTmp]
  ignore line: []
  ignore line: [Run Build Command:"/usr/bin/make" "cmTryCompileExec2630563881/fast"]
  ignore line: [/usr/bin/make -f CMakeFiles/cmTryCompileExec2630563881.dir/build.make CMakeFiles/cmTryCompileExec2630563881.dir/build]
  ignore line: [make[1]: Entering directory '/home/leo/Desktop/ext3DLBP/python_wrapper/build/CMakeFiles/CMakeTmp']
  ignore line: [/usr/bin/cmake -E cmake_progress_report /home/leo/Desktop/ext3DLBP/python_wrapper/build/CMakeFiles/CMakeTmp/CMakeFiles 1]
  ignore line: [Building C object CMakeFiles/cmTryCompileExec2630563881.dir/CMakeCCompilerABI.c.o]
  ignore line: [/usr/bin/cc    -o CMakeFiles/cmTryCompileExec2630563881.dir/CMakeCCompilerABI.c.o   -c /usr/share/cmake-3.2/Modules/CMakeCCompilerABI.c]
  ignore line: [Linking C executable cmTryCompileExec2630563881]
  ignore line: [/usr/bin/cmake -E cmake_link_script CMakeFiles/cmTryCompileExec2630563881.dir/link.txt --verbose=1]
  ignore line: [/usr/bin/cc      -v CMakeFiles/cmTryCompileExec2630563881.dir/CMakeCCompilerABI.c.o  -o cmTryCompileExec2630563881 -rdynamic  ]
  ignore line: [Using built-in specs.]
  ignore line: [COLLECT_GCC=/usr/bin/cc]
  ignore line: [COLLECT_LTO_WRAPPER=/usr/bin/gcc-5.3/libexec/gcc/x86_64-unknown-linux-gnu/5.3.0/lto-wrapper]
  ignore line: [Target: x86_64-unknown-linux-gnu]
  ignore line: [Configured with: ./configure --disable-checking --enable-languages=c,c++,objc --disable-multilib --with-system-zlib prefix=/usr/bin/gcc-5.3]
  ignore line: [Thread model: posix]
  ignore line: [gcc version 5.3.0 (GCC) ]
  ignore line: [COMPILER_PATH=/usr/bin/gcc-5.3/libexec/gcc/x86_64-unknown-linux-gnu/5.3.0/:/usr/bin/gcc-5.3/libexec/gcc/x86_64-unknown-linux-gnu/5.3.0/:/usr/bin/gcc-5.3/libexec/gcc/x86_64-unknown-linux-gnu/:/usr/bin/gcc-5.3/lib/gcc/x86_64-unknown-linux-gnu/5.3.0/:/usr/bin/gcc-5.3/lib/gcc/x86_64-unknown-linux-gnu/]
  ignore line: [LIBRARY_PATH=/usr/bin/gcc-5.3/lib/gcc/x86_64-unknown-linux-gnu/5.3.0/:/usr/bin/gcc-5.3/lib/gcc/x86_64-unknown-linux-gnu/5.3.0/../../../../lib64/:/lib/x86_64-linux-gnu/:/lib/../lib64/:/usr/lib/x86_64-linux-gnu/:/usr/bin/gcc-5.3/lib/gcc/x86_64-unknown-linux-gnu/5.3.0/../../../:/lib/:/usr/lib/]
  ignore line: [COLLECT_GCC_OPTIONS='-v' '-o' 'cmTryCompileExec2630563881' '-rdynamic' '-mtune=generic' '-march=x86-64']
  link line: [ /usr/bin/gcc-5.3/libexec/gcc/x86_64-unknown-linux-gnu/5.3.0/collect2 -plugin /usr/bin/gcc-5.3/libexec/gcc/x86_64-unknown-linux-gnu/5.3.0/liblto_plugin.so -plugin-opt=/usr/bin/gcc-5.3/libexec/gcc/x86_64-unknown-linux-gnu/5.3.0/lto-wrapper -plugin-opt=-fresolution=/tmp/ccrk6c5R.res -plugin-opt=-pass-through=-lgcc -plugin-opt=-pass-through=-lgcc_s -plugin-opt=-pass-through=-lc -plugin-opt=-pass-through=-lgcc -plugin-opt=-pass-through=-lgcc_s --eh-frame-hdr -m elf_x86_64 -export-dynamic -dynamic-linker /lib64/ld-linux-x86-64.so.2 -o cmTryCompileExec2630563881 /usr/lib/x86_64-linux-gnu/crt1.o /usr/lib/x86_64-linux-gnu/crti.o /usr/bin/gcc-5.3/lib/gcc/x86_64-unknown-linux-gnu/5.3.0/crtbegin.o -L/usr/bin/gcc-5.3/lib/gcc/x86_64-unknown-linux-gnu/5.3.0 -L/usr/bin/gcc-5.3/lib/gcc/x86_64-unknown-linux-gnu/5.3.0/../../../../lib64 -L/lib/x86_64-linux-gnu -L/lib/../lib64 -L/usr/lib/x86_64-linux-gnu -L/usr/bin/gcc-5.3/lib/gcc/x86_64-unknown-linux-gnu/5.3.0/../../.. CMakeFiles/cmTryCompileExec2630563881.dir/CMakeCCompilerABI.c.o -lgcc --as-needed -lgcc_s --no-as-needed -lc -lgcc --as-needed -lgcc_s --no-as-needed /usr/bin/gcc-5.3/lib/gcc/x86_64-unknown-linux-gnu/5.3.0/crtend.o /usr/lib/x86_64-linux-gnu/crtn.o]
    arg [/usr/bin/gcc-5.3/libexec/gcc/x86_64-unknown-linux-gnu/5.3.0/collect2] ==> ignore
    arg [-plugin] ==> ignore
    arg [/usr/bin/gcc-5.3/libexec/gcc/x86_64-unknown-linux-gnu/5.3.0/liblto_plugin.so] ==> ignore
    arg [-plugin-opt=/usr/bin/gcc-5.3/libexec/gcc/x86_64-unknown-linux-gnu/5.3.0/lto-wrapper] ==> ignore
    arg [-plugin-opt=-fresolution=/tmp/ccrk6c5R.res] ==> ignore
    arg [-plugin-opt=-pass-through=-lgcc] ==> ignore
    arg [-plugin-opt=-pass-through=-lgcc_s] ==> ignore
    arg [-plugin-opt=-pass-through=-lc] ==> ignore
    arg [-plugin-opt=-pass-through=-lgcc] ==> ignore
    arg [-plugin-opt=-pass-through=-lgcc_s] ==> ignore
    arg [--eh-frame-hdr] ==> ignore
    arg [-m] ==> ignore
    arg [elf_x86_64] ==> ignore
    arg [-export-dynamic] ==> ignore
    arg [-dynamic-linker] ==> ignore
    arg [/lib64/ld-linux-x86-64.so.2] ==> ignore
    arg [-o] ==> ignore
    arg [cmTryCompileExec2630563881] ==> ignore
    arg [/usr/lib/x86_64-linux-gnu/crt1.o] ==> ignore
    arg [/usr/lib/x86_64-linux-gnu/crti.o] ==> ignore
    arg [/usr/bin/gcc-5.3/lib/gcc/x86_64-unknown-linux-gnu/5.3.0/crtbegin.o] ==> ignore
    arg [-L/usr/bin/gcc-5.3/lib/gcc/x86_64-unknown-linux-gnu/5.3.0] ==> dir [/usr/bin/gcc-5.3/lib/gcc/x86_64-unknown-linux-gnu/5.3.0]
    arg [-L/usr/bin/gcc-5.3/lib/gcc/x86_64-unknown-linux-gnu/5.3.0/../../../../lib64] ==> dir [/usr/bin/gcc-5.3/lib/gcc/x86_64-unknown-linux-gnu/5.3.0/../../../../lib64]
    arg [-L/lib/x86_64-linux-gnu] ==> dir [/lib/x86_64-linux-gnu]
    arg [-L/lib/../lib64] ==> dir [/lib/../lib64]
    arg [-L/usr/lib/x86_64-linux-gnu] ==> dir [/usr/lib/x86_64-linux-gnu]
    arg [-L/usr/bin/gcc-5.3/lib/gcc/x86_64-unknown-linux-gnu/5.3.0/../../..] ==> dir [/usr/bin/gcc-5.3/lib/gcc/x86_64-unknown-linux-gnu/5.3.0/../../..]
    arg [CMakeFiles/cmTryCompileExec2630563881.dir/CMakeCCompilerABI.c.o] ==> ignore
    arg [-lgcc] ==> lib [gcc]
    arg [--as-needed] ==> ignore
    arg [-lgcc_s] ==> lib [gcc_s]
    arg [--no-as-needed] ==> ignore
    arg [-lc] ==> lib [c]
    arg [-lgcc] ==> lib [gcc]
    arg [--as-needed] ==> ignore
    arg [-lgcc_s] ==> lib [gcc_s]
    arg [--no-as-needed] ==> ignore
    arg [/usr/bin/gcc-5.3/lib/gcc/x86_64-unknown-linux-gnu/5.3.0/crtend.o] ==> ignore
    arg [/usr/lib/x86_64-linux-gnu/crtn.o] ==> ignore
  remove lib [gcc]
  remove lib [gcc_s]
  remove lib [gcc]
  remove lib [gcc_s]
  collapse library dir [/usr/bin/gcc-5.3/lib/gcc/x86_64-unknown-linux-gnu/5.3.0] ==> [/usr/bin/gcc-5.3/lib/gcc/x86_64-unknown-linux-gnu/5.3.0]
  collapse library dir [/usr/bin/gcc-5.3/lib/gcc/x86_64-unknown-linux-gnu/5.3.0/../../../../lib64] ==> [/usr/bin/gcc-5.3/lib64]
  collapse library dir [/lib/x86_64-linux-gnu] ==> [/lib/x86_64-linux-gnu]
  collapse library dir [/lib/../lib64] ==> [/lib64]
  collapse library dir [/usr/lib/x86_64-linux-gnu] ==> [/usr/lib/x86_64-linux-gnu]
  collapse library dir [/usr/bin/gcc-5.3/lib/gcc/x86_64-unknown-linux-gnu/5.3.0/../../..] ==> [/usr/bin/gcc-5.3/lib]
  implicit libs: [c]
  implicit dirs: [/usr/bin/gcc-5.3/lib/gcc/x86_64-unknown-linux-gnu/5.3.0;/usr/bin/gcc-5.3/lib64;/lib/x86_64-linux-gnu;/lib64;/usr/lib/x86_64-linux-gnu;/usr/bin/gcc-5.3/lib]
  implicit fwks: []




Detecting C [-std=c11] compiler features compiled with the following output:
Change Dir: /home/leo/Desktop/ext3DLBP/python_wrapper/build/CMakeFiles/CMakeTmp

Run Build Command:"/usr/bin/make" "cmTryCompileExec2899162541/fast"
/usr/bin/make -f CMakeFiles/cmTryCompileExec2899162541.dir/build.make CMakeFiles/cmTryCompileExec2899162541.dir/build
make[1]: Entering directory '/home/leo/Desktop/ext3DLBP/python_wrapper/build/CMakeFiles/CMakeTmp'
/usr/bin/cmake -E cmake_progress_report /home/leo/Desktop/ext3DLBP/python_wrapper/build/CMakeFiles/CMakeTmp/CMakeFiles 1
Building C object CMakeFiles/cmTryCompileExec2899162541.dir/feature_tests.c.o
/usr/bin/cc   -std=c11 -o CMakeFiles/cmTryCompileExec2899162541.dir/feature_tests.c.o   -c /home/leo/Desktop/ext3DLBP/python_wrapper/build/CMakeFiles/feature_tests.c
Linking C executable cmTryCompileExec2899162541
/usr/bin/cmake -E cmake_link_script CMakeFiles/cmTryCompileExec2899162541.dir/link.txt --verbose=1
/usr/bin/cc       CMakeFiles/cmTryCompileExec2899162541.dir/feature_tests.c.o  -o cmTryCompileExec2899162541 -rdynamic 
make[1]: Leaving directory '/home/leo/Desktop/ext3DLBP/python_wrapper/build/CMakeFiles/CMakeTmp'


    Feature record: C_FEATURE:1c_function_prototypes
    Feature record: C_FEATURE:1c_restrict
    Feature record: C_FEATURE:1c_static_assert
    Feature record: C_FEATURE:1c_variadic_macros


Detecting C [-std=c99] compiler features compiled with the following output:
Change Dir: /home/leo/Desktop/ext3DLBP/python_wrapper/build/CMakeFiles/CMakeTmp

Run Build Command:"/usr/bin/make" "cmTryCompileExec353490333/fast"
/usr/bin/make -f CMakeFiles/cmTryCompileExec353490333.dir/build.make CMakeFiles/cmTryCompileExec353490333.dir/build
make[1]: Entering directory '/home/leo/Desktop/ext3DLBP/python_wrapper/build/CMakeFiles/CMakeTmp'
/usr/bin/cmake -E cmake_progress_report /home/leo/Desktop/ext3DLBP/python_wrapper/build/CMakeFiles/CMakeTmp/CMakeFiles 1
Building C object CMakeFiles/cmTryCompileExec353490333.dir/feature_tests.c.o
/usr/bin/cc   -std=c99 -o CMakeFiles/cmTryCompileExec353490333.dir/feature_tests.c.o   -c /home/leo/Desktop/ext3DLBP/python_wrapper/build/CMakeFiles/feature_tests.c
Linking C executable cmTryCompileExec353490333
/usr/bin/cmake -E cmake_link_script CMakeFiles/cmTryCompileExec353490333.dir/link.txt --verbose=1
/usr/bin/cc       CMakeFiles/cmTryCompileExec353490333.dir/feature_tests.c.o  -o cmTryCompileExec353490333 -rdynamic 
make[1]: Leaving directory '/home/leo/Desktop/ext3DLBP/python_wrapper/build/CMakeFiles/CMakeTmp'


    Feature record: C_FEATURE:1c_function_prototypes
    Feature record: C_FEATURE:1c_restrict
    Feature record: C_FEATURE:0c_static_assert
    Feature record: C_FEATURE:1c_variadic_macros


Detecting C [-std=c90] compiler features compiled with the following output:
Change Dir: /home/leo/Desktop/ext3DLBP/python_wrapper/build/CMakeFiles/CMakeTmp

Run Build Command:"/usr/bin/make" "cmTryCompileExec625911/fast"
/usr/bin/make -f CMakeFiles/cmTryCompileExec625911.dir/build.make CMakeFiles/cmTryCompileExec625911.dir/build
make[1]: Entering directory '/home/leo/Desktop/ext3DLBP/python_wrapper/build/CMakeFiles/CMakeTmp'
/usr/bin/cmake -E cmake_progress_report /home/leo/Desktop/ext3DLBP/python_wrapper/build/CMakeFiles/CMakeTmp/CMakeFiles 1
Building C object CMakeFiles/cmTryCompileExec625911.dir/feature_tests.c.o
/usr/bin/cc   -std=c90 -o CMakeFiles/cmTryCompileExec625911.dir/feature_tests.c.o   -c /home/leo/Desktop/ext3DLBP/python_wrapper/build/CMakeFiles/feature_tests.c
Linking C executable cmTryCompileExec625911
/usr/bin/cmake -E cmake_link_script CMakeFiles/cmTryCompileExec625911.dir/link.txt --verbose=1
/usr/bin/cc       CMakeFiles/cmTryCompileExec625911.dir/feature_tests.c.o  -o cmTryCompileExec625911 -rdynamic 
make[1]: Leaving directory '/home/leo/Desktop/ext3DLBP/python_wrapper/build/CMakeFiles/CMakeTmp'


    Feature record: C_FEATURE:1c_function_prototypes
    Feature record: C_FEATURE:0c_restrict
    Feature record: C_FEATURE:0c_static_assert
    Feature record: C_FEATURE:0c_variadic_macros
Determining if the CXX compiler works passed with the following output:
Change Dir: /home/leo/Desktop/ext3DLBP/python_wrapper/build/CMakeFiles/CMakeTmp

Run Build Command:"/usr/bin/make" "cmTryCompileExec3787341380/fast"
/usr/bin/make -f CMakeFiles/cmTryCompileExec3787341380.dir/build.make CMakeFiles/cmTryCompileExec3787341380.dir/build
make[1]: Entering directory '/home/leo/Desktop/ext3DLBP/python_wrapper/build/CMakeFiles/CMakeTmp'
/usr/bin/cmake -E cmake_progress_report /home/leo/Desktop/ext3DLBP/python_wrapper/build/CMakeFiles/CMakeTmp/CMakeFiles 1
Building CXX object CMakeFiles/cmTryCompileExec3787341380.dir/testCXXCompiler.cxx.o
/usr/bin/c++     -o CMakeFiles/cmTryCompileExec3787341380.dir/testCXXCompiler.cxx.o -c /home/leo/Desktop/ext3DLBP/python_wrapper/build/CMakeFiles/CMakeTmp/testCXXCompiler.cxx
Linking CXX executable cmTryCompileExec3787341380
/usr/bin/cmake -E cmake_link_script CMakeFiles/cmTryCompileExec3787341380.dir/link.txt --verbose=1
/usr/bin/c++        CMakeFiles/cmTryCompileExec3787341380.dir/testCXXCompiler.cxx.o  -o cmTryCompileExec3787341380 -rdynamic 
make[1]: Leaving directory '/home/leo/Desktop/ext3DLBP/python_wrapper/build/CMakeFiles/CMakeTmp'


Detecting CXX compiler ABI info compiled with the following output:
Change Dir: /home/leo/Desktop/ext3DLBP/python_wrapper/build/CMakeFiles/CMakeTmp

Run Build Command:"/usr/bin/make" "cmTryCompileExec1936359299/fast"
/usr/bin/make -f CMakeFiles/cmTryCompileExec1936359299.dir/build.make CMakeFiles/cmTryCompileExec1936359299.dir/build
make[1]: Entering directory '/home/leo/Desktop/ext3DLBP/python_wrapper/build/CMakeFiles/CMakeTmp'
/usr/bin/cmake -E cmake_progress_report /home/leo/Desktop/ext3DLBP/python_wrapper/build/CMakeFiles/CMakeTmp/CMakeFiles 1
Building CXX object CMakeFiles/cmTryCompileExec1936359299.dir/CMakeCXXCompilerABI.cpp.o
/usr/bin/c++     -o CMakeFiles/cmTryCompileExec1936359299.dir/CMakeCXXCompilerABI.cpp.o -c /usr/share/cmake-3.2/Modules/CMakeCXXCompilerABI.cpp
Linking CXX executable cmTryCompileExec1936359299
/usr/bin/cmake -E cmake_link_script CMakeFiles/cmTryCompileExec1936359299.dir/link.txt --verbose=1
/usr/bin/c++       -v CMakeFiles/cmTryCompileExec1936359299.dir/CMakeCXXCompilerABI.cpp.o  -o cmTryCompileExec1936359299 -rdynamic  
Using built-in specs.
COLLECT_GCC=/usr/bin/c++
COLLECT_LTO_WRAPPER=/usr/bin/gcc-5.3/libexec/gcc/x86_64-unknown-linux-gnu/5.3.0/lto-wrapper
Target: x86_64-unknown-linux-gnu
Configured with: ./configure --disable-checking --enable-languages=c,c++,objc --disable-multilib --with-system-zlib prefix=/usr/bin/gcc-5.3
Thread model: posix
gcc version 5.3.0 (GCC) 
COMPILER_PATH=/usr/bin/gcc-5.3/libexec/gcc/x86_64-unknown-linux-gnu/5.3.0/:/usr/bin/gcc-5.3/libexec/gcc/x86_64-unknown-linux-gnu/5.3.0/:/usr/bin/gcc-5.3/libexec/gcc/x86_64-unknown-linux-gnu/:/usr/bin/gcc-5.3/lib/gcc/x86_64-unknown-linux-gnu/5.3.0/:/usr/bin/gcc-5.3/lib/gcc/x86_64-unknown-linux-gnu/
LIBRARY_PATH=/usr/bin/gcc-5.3/lib/gcc/x86_64-unknown-linux-gnu/5.3.0/:/usr/bin/gcc-5.3/lib/gcc/x86_64-unknown-linux-gnu/5.3.0/../../../../lib64/:/lib/x86_64-linux-gnu/:/lib/../lib64/:/usr/lib/x86_64-linux-gnu/:/usr/bin/gcc-5.3/lib/gcc/x86_64-unknown-linux-gnu/5.3.0/../../../:/lib/:/usr/lib/
COLLECT_GCC_OPTIONS='-v' '-o' 'cmTryCompileExec1936359299' '-rdynamic' '-shared-libgcc' '-mtune=generic' '-march=x86-64'
 /usr/bin/gcc-5.3/libexec/gcc/x86_64-unknown-linux-gnu/5.3.0/collect2 -plugin /usr/bin/gcc-5.3/libexec/gcc/x86_64-unknown-linux-gnu/5.3.0/liblto_plugin.so -plugin-opt=/usr/bin/gcc-5.3/libexec/gcc/x86_64-unknown-linux-gnu/5.3.0/lto-wrapper -plugin-opt=-fresolution=/tmp/ccO7LzKB.res -plugin-opt=-pass-through=-lgcc_s -plugin-opt=-pass-through=-lgcc -plugin-opt=-pass-through=-lc -plugin-opt=-pass-through=-lgcc_s -plugin-opt=-pass-through=-lgcc --eh-frame-hdr -m elf_x86_64 -export-dynamic -dynamic-linker /lib64/ld-linux-x86-64.so.2 -o cmTryCompileExec1936359299 /usr/lib/x86_64-linux-gnu/crt1.o /usr/lib/x86_64-linux-gnu/crti.o /usr/bin/gcc-5.3/lib/gcc/x86_64-unknown-linux-gnu/5.3.0/crtbegin.o -L/usr/bin/gcc-5.3/lib/gcc/x86_64-unknown-linux-gnu/5.3.0 -L/usr/bin/gcc-5.3/lib/gcc/x86_64-unknown-linux-gnu/5.3.0/../../../../lib64 -L/lib/x86_64-linux-gnu -L/lib/../lib64 -L/usr/lib/x86_64-linux-gnu -L/usr/bin/gcc-5.3/lib/gcc/x86_64-unknown-linux-gnu/5.3.0/../../.. CMakeFiles/cmTryCompileExec1936359299.dir/CMakeCXXCompilerABI.cpp.o -lstdc++ -lm -lgcc_s -lgcc -lc -lgcc_s -lgcc /usr/bin/gcc-5.3/lib/gcc/x86_64-unknown-linux-gnu/5.3.0/crtend.o /usr/lib/x86_64-linux-gnu/crtn.o
make[1]: Leaving directory '/home/leo/Desktop/ext3DLBP/python_wrapper/build/CMakeFiles/CMakeTmp'


Parsed CXX implicit link information from above output:
  link line regex: [^( *|.*[/\])(ld|([^/\]+-)?ld|collect2)[^/\]*( |$)]
  ignore line: [Change Dir: /home/leo/Desktop/ext3DLBP/python_wrapper/build/CMakeFiles/CMakeTmp]
  ignore line: []
  ignore line: [Run Build Command:"/usr/bin/make" "cmTryCompileExec1936359299/fast"]
  ignore line: [/usr/bin/make -f CMakeFiles/cmTryCompileExec1936359299.dir/build.make CMakeFiles/cmTryCompileExec1936359299.dir/build]
  ignore line: [make[1]: Entering directory '/home/leo/Desktop/ext3DLBP/python_wrapper/build/CMakeFiles/CMakeTmp']
  ignore line: [/usr/bin/cmake -E cmake_progress_report /home/leo/Desktop/ext3DLBP/python_wrapper/build/CMakeFiles/CMakeTmp/CMakeFiles 1]
  ignore line: [Building CXX object CMakeFiles/cmTryCompileExec1936359299.dir/CMakeCXXCompilerABI.cpp.o]
  ignore line: [/usr/bin/c++     -o CMakeFiles/cmTryCompileExec1936359299.dir/CMakeCXXCompilerABI.cpp.o -c /usr/share/cmake-3.2/Modules/CMakeCXXCompilerABI.cpp]
  ignore line: [Linking CXX executable cmTryCompileExec1936359299]
  ignore line: [/usr/bin/cmake -E cmake_link_script CMakeFiles/cmTryCompileExec1936359299.dir/link.txt --verbose=1]
  ignore line: [/usr/bin/c++       -v CMakeFiles/cmTryCompileExec1936359299.dir/CMakeCXXCompilerABI.cpp.o  -o cmTryCompileExec1936359299 -rdynamic  ]
  ignore line: [Using built-in specs.]
  ignore line: [COLLECT_GCC=/usr/bin/c++]
  ignore line: [COLLECT_LTO_WRAPPER=/usr/bin/gcc-5.3/libexec/gcc/x86_64-unknown-linux-gnu/5.3.0/lto-wrapper]
  ignore line: [Target: x86_64-unknown-linux-gnu]
  ignore line: [Configured with: ./configure --disable-checking --enable-languages=c,c++,objc --disable-multilib --with-system-zlib prefix=/usr/bin/gcc-5.3]
  ignore line: [Thread model: posix]
  ignore line: [gcc version 5.3.0 (GCC) ]
  ignore line: [COMPILER_PATH=/usr/bin/gcc-5.3/libexec/gcc/x86_64-unknown-linux-gnu/5.3.0/:/usr/bin/gcc-5.3/libexec/gcc/x86_64-unknown-linux-gnu/5.3.0/:/usr/bin/gcc-5.3/libexec/gcc/x86_64-unknown-linux-gnu/:/usr/bin/gcc-5.3/lib/gcc/x86_64-unknown-linux-gnu/5.3.0/:/usr/bin/gcc-5.3/lib/gcc/x86_64-unknown-linux-gnu/]
  ignore line: [LIBRARY_PATH=/usr/bin/gcc-5.3/lib/gcc/x86_64-unknown-linux-gnu/5.3.0/:/usr/bin/gcc-5.3/lib/gcc/x86_64-unknown-linux-gnu/5.3.0/../../../../lib64/:/lib/x86_64-linux-gnu/:/lib/../lib64/:/usr/lib/x86_64-linux-gnu/:/usr/bin/gcc-5.3/lib/gcc/x86_64-unknown-linux-gnu/5.3.0/../../../:/lib/:/usr/lib/]
  ignore line: [COLLECT_GCC_OPTIONS='-v' '-o' 'cmTryCompileExec1936359299' '-rdynamic' '-shared-libgcc' '-mtune=generic' '-march=x86-64']
  link line: [ /usr/bin/gcc-5.3/libexec/gcc/x86_64-unknown-linux-gnu/5.3.0/collect2 -plugin /usr/bin/gcc-5.3/libexec/gcc/x86_64-unknown-linux-gnu/5.3.0/liblto_plugin.so -plugin-opt=/usr/bin/gcc-5.3/libexec/gcc/x86_64-unknown-linux-gnu/5.3.0/lto-wrapper -plugin-opt=-fresolution=/tmp/ccO7LzKB.res -plugin-opt=-pass-through=-lgcc_s -plugin-opt=-pass-through=-lgcc -plugin-opt=-pass-through=-lc -plugin-opt=-pass-through=-lgcc_s -plugin-opt=-pass-through=-lgcc --eh-frame-hdr -m elf_x86_64 -export-dynamic -dynamic-linker /lib64/ld-linux-x86-64.so.2 -o cmTryCompileExec1936359299 /usr/lib/x86_64-linux-gnu/crt1.o /usr/lib/x86_64-linux-gnu/crti.o /usr/bin/gcc-5.3/lib/gcc/x86_64-unknown-linux-gnu/5.3.0/crtbegin.o -L/usr/bin/gcc-5.3/lib/gcc/x86_64-unknown-linux-gnu/5.3.0 -L/usr/bin/gcc-5.3/lib/gcc/x86_64-unknown-linux-gnu/5.3.0/../../../../lib64 -L/lib/x86_64-linux-gnu -L/lib/../lib64 -L/usr/lib/x86_64-linux-gnu -L/usr/bin/gcc-5.3/lib/gcc/x86_64-unknown-linux-gnu/5.3.0/../../.. CMakeFiles/cmTryCompileExec1936359299.dir/CMakeCXXCompilerABI.cpp.o -lstdc++ -lm -lgcc_s -lgcc -lc -lgcc_s -lgcc /usr/bin/gcc-5.3/lib/gcc/x86_64-unknown-linux-gnu/5.3.0/crtend.o /usr/lib/x86_64-linux-gnu/crtn.o]
    arg [/usr/bin/gcc-5.3/libexec/gcc/x86_64-unknown-linux-gnu/5.3.0/collect2] ==> ignore
    arg [-plugin] ==> ignore
    arg [/usr/bin/gcc-5.3/libexec/gcc/x86_64-unknown-linux-gnu/5.3.0/liblto_plugin.so] ==> ignore
    arg [-plugin-opt=/usr/bin/gcc-5.3/libexec/gcc/x86_64-unknown-linux-gnu/5.3.0/lto-wrapper] ==> ignore
    arg [-plugin-opt=-fresolution=/tmp/ccO7LzKB.res] ==> ignore
    arg [-plugin-opt=-pass-through=-lgcc_s] ==> ignore
    arg [-plugin-opt=-pass-through=-lgcc] ==> ignore
    arg [-plugin-opt=-pass-through=-lc] ==> ignore
    arg [-plugin-opt=-pass-through=-lgcc_s] ==> ignore
    arg [-plugin-opt=-pass-through=-lgcc] ==> ignore
    arg [--eh-frame-hdr] ==> ignore
    arg [-m] ==> ignore
    arg [elf_x86_64] ==> ignore
    arg [-export-dynamic] ==> ignore
    arg [-dynamic-linker] ==> ignore
    arg [/lib64/ld-linux-x86-64.so.2] ==> ignore
    arg [-o] ==> ignore
    arg [cmTryCompileExec1936359299] ==> ignore
    arg [/usr/lib/x86_64-linux-gnu/crt1.o] ==> ignore
    arg [/usr/lib/x86_64-linux-gnu/crti.o] ==> ignore
    arg [/usr/bin/gcc-5.3/lib/gcc/x86_64-unknown-linux-gnu/5.3.0/crtbegin.o] ==> ignore
    arg [-L/usr/bin/gcc-5.3/lib/gcc/x86_64-unknown-linux-gnu/5.3.0] ==> dir [/usr/bin/gcc-5.3/lib/gcc/x86_64-unknown-linux-gnu/5.3.0]
    arg [-L/usr/bin/gcc-5.3/lib/gcc/x86_64-unknown-linux-gnu/5.3.0/../../../../lib64] ==> dir [/usr/bin/gcc-5.3/lib/gcc/x86_64-unknown-linux-gnu/5.3.0/../../../../lib64]
    arg [-L/lib/x86_64-linux-gnu] ==> dir [/lib/x86_64-linux-gnu]
    arg [-L/lib/../lib64] ==> dir [/lib/../lib64]
    arg [-L/usr/lib/x86_64-linux-gnu] ==> dir [/usr/lib/x86_64-linux-gnu]
    arg [-L/usr/bin/gcc-5.3/lib/gcc/x86_64-unknown-linux-gnu/5.3.0/../../..] ==> dir [/usr/bin/gcc-5.3/lib/gcc/x86_64-unknown-linux-gnu/5.3.0/../../..]
    arg [CMakeFiles/cmTryCompileExec1936359299.dir/CMakeCXXCompilerABI.cpp.o] ==> ignore
    arg [-lstdc++] ==> lib [stdc++]
    arg [-lm] ==> lib [m]
    arg [-lgcc_s] ==> lib [gcc_s]
    arg [-lgcc] ==> lib [gcc]
    arg [-lc] ==> lib [c]
    arg [-lgcc_s] ==> lib [gcc_s]
    arg [-lgcc] ==> lib [gcc]
    arg [/usr/bin/gcc-5.3/lib/gcc/x86_64-unknown-linux-gnu/5.3.0/crtend.o] ==> ignore
    arg [/usr/lib/x86_64-linux-gnu/crtn.o] ==> ignore
  remove lib [gcc_s]
  remove lib [gcc]
  remove lib [gcc_s]
  remove lib [gcc]
  collapse library dir [/usr/bin/gcc-5.3/lib/gcc/x86_64-unknown-linux-gnu/5.3.0] ==> [/usr/bin/gcc-5.3/lib/gcc/x86_64-unknown-linux-gnu/5.3.0]
  collapse library dir [/usr/bin/gcc-5.3/lib/gcc/x86_64-unknown-linux-gnu/5.3.0/../../../../lib64] ==> [/usr/bin/gcc-5.3/lib64]
  collapse library dir [/lib/x86_64-linux-gnu] ==> [/lib/x86_64-linux-gnu]
  collapse library dir [/lib/../lib64] ==> [/lib64]
  collapse library dir [/usr/lib/x86_64-linux-gnu] ==> [/usr/lib/x86_64-linux-gnu]
  collapse library dir [/usr/bin/gcc-5.3/lib/gcc/x86_64-unknown-linux-gnu/5.3.0/../../..] ==> [/usr/bin/gcc-5.3/lib]
  implicit libs: [stdc++;m;c]
  implicit dirs: [/usr/bin/gcc-5.3/lib/gcc/x86_64-unknown-linux-gnu/5.3.0;/usr/bin/gcc-5.3/lib64;/lib/x86_64-linux-gnu;/lib64;/usr/lib/x86_64-linux-gnu;/usr/bin/gcc-5.3/lib]
  implicit fwks: []




Detecting CXX [-std=c++14] compiler features compiled with the following output:
Change Dir: /home/leo/Desktop/ext3DLBP/python_wrapper/build/CMakeFiles/CMakeTmp

Run Build Command:"/usr/bin/make" "cmTryCompileExec1006266831/fast"
/usr/bin/make -f CMakeFiles/cmTryCompileExec1006266831.dir/build.make CMakeFiles/cmTryCompileExec1006266831.dir/build
make[1]: Entering directory '/home/leo/Desktop/ext3DLBP/python_wrapper/build/CMakeFiles/CMakeTmp'
/usr/bin/cmake -E cmake_progress_report /home/leo/Desktop/ext3DLBP/python_wrapper/build/CMakeFiles/CMakeTmp/CMakeFiles 1
Building CXX object CMakeFiles/cmTryCompileExec1006266831.dir/feature_tests.cxx.o
/usr/bin/c++    -std=c++14 -o CMakeFiles/cmTryCompileExec1006266831.dir/feature_tests.cxx.o -c /home/leo/Desktop/ext3DLBP/python_wrapper/build/CMakeFiles/feature_tests.cxx
Linking CXX executable cmTryCompileExec1006266831
/usr/bin/cmake -E cmake_link_script CMakeFiles/cmTryCompileExec1006266831.dir/link.txt --verbose=1
/usr/bin/c++        CMakeFiles/cmTryCompileExec1006266831.dir/feature_tests.cxx.o  -o cmTryCompileExec1006266831 -rdynamic 
make[1]: Leaving directory '/home/leo/Desktop/ext3DLBP/python_wrapper/build/CMakeFiles/CMakeTmp'


    Feature record: CXX_FEATURE:1cxx_aggregate_default_initializers
    Feature record: CXX_FEATURE:1cxx_alias_templates
    Feature record: CXX_FEATURE:1cxx_alignas
    Feature record: CXX_FEATURE:1cxx_alignof
    Feature record: CXX_FEATURE:1cxx_attributes
    Feature record: CXX_FEATURE:1cxx_attribute_deprecated
    Feature record: CXX_FEATURE:1cxx_auto_type
    Feature record: CXX_FEATURE:1cxx_binary_literals
    Feature record: CXX_FEATURE:1cxx_constexpr
    Feature record: CXX_FEATURE:1cxx_contextual_conversions
    Feature record: CXX_FEATURE:1cxx_decltype
    Feature record: CXX_FEATURE:1cxx_decltype_auto
    Feature record: CXX_FEATURE:1cxx_decltype_incomplete_return_types
    Feature record: CXX_FEATURE:1cxx_default_function_template_args
    Feature record: CXX_FEATURE:1cxx_defaulted_functions
    Feature record: CXX_FEATURE:1cxx_defaulted_move_initializers
    Feature record: CXX_FEATURE:1cxx_delegating_constructors
    Feature record: CXX_FEATURE:1cxx_deleted_functions
    Feature record: CXX_FEATURE:1cxx_digit_separators
    Feature record: CXX_FEATURE:1cxx_enum_forward_declarations
    Feature record: CXX_FEATURE:1cxx_explicit_conversions
    Feature record: CXX_FEATURE:1cxx_extended_friend_declarations
    Feature record: CXX_FEATURE:1cxx_extern_templates
    Feature record: CXX_FEATURE:1cxx_final
    Feature record: CXX_FEATURE:1cxx_func_identifier
    Feature record: CXX_FEATURE:1cxx_generalized_initializers
    Feature record: CXX_FEATURE:1cxx_generic_lambdas
    Feature record: CXX_FEATURE:1cxx_inheriting_constructors
    Feature record: CXX_FEATURE:1cxx_inline_namespaces
    Feature record: CXX_FEATURE:1cxx_lambdas
    Feature record: CXX_FEATURE:1cxx_lambda_init_captures
    Feature record: CXX_FEATURE:1cxx_local_type_template_args
    Feature record: CXX_FEATURE:1cxx_long_long_type
    Feature record: CXX_FEATURE:1cxx_noexcept
    Feature record: CXX_FEATURE:1cxx_nonstatic_member_init
    Feature record: CXX_FEATURE:1cxx_nullptr
    Feature record: CXX_FEATURE:1cxx_override
    Feature record: CXX_FEATURE:1cxx_range_for
    Feature record: CXX_FEATURE:1cxx_raw_string_literals
    Feature record: CXX_FEATURE:1cxx_reference_qualified_functions
    Feature record: CXX_FEATURE:1cxx_relaxed_constexpr
    Feature record: CXX_FEATURE:1cxx_return_type_deduction
    Feature record: CXX_FEATURE:1cxx_right_angle_brackets
    Feature record: CXX_FEATURE:1cxx_rvalue_references
    Feature record: CXX_FEATURE:1cxx_sizeof_member
    Feature record: CXX_FEATURE:1cxx_static_assert
    Feature record: CXX_FEATURE:1cxx_strong_enums
    Feature record: CXX_FEATURE:1cxx_template_template_parameters
    Feature record: CXX_FEATURE:1cxx_thread_local
    Feature record: CXX_FEATURE:1cxx_trailing_return_types
    Feature record: CXX_FEATURE:1cxx_unicode_literals
    Feature record: CXX_FEATURE:1cxx_uniform_initialization
    Feature record: CXX_FEATURE:1cxx_unrestricted_unions
    Feature record: CXX_FEATURE:1cxx_user_literals
    Feature record: CXX_FEATURE:1cxx_variable_templates
    Feature record: CXX_FEATURE:1cxx_variadic_macros
    Feature record: CXX_FEATURE:1cxx_variadic_templates


Detecting CXX [-std=c++11] compiler features compiled with the following output:
Change Dir: /home/leo/Desktop/ext3DLBP/python_wrapper/build/CMakeFiles/CMakeTmp

Run Build Command:"/usr/bin/make" "cmTryCompileExec896343628/fast"
/usr/bin/make -f CMakeFiles/cmTryCompileExec896343628.dir/build.make CMakeFiles/cmTryCompileExec896343628.dir/build
make[1]: Entering directory '/home/leo/Desktop/ext3DLBP/python_wrapper/build/CMakeFiles/CMakeTmp'
/usr/bin/cmake -E cmake_progress_report /home/leo/Desktop/ext3DLBP/python_wrapper/build/CMakeFiles/CMakeTmp/CMakeFiles 1
Building CXX object CMakeFiles/cmTryCompileExec896343628.dir/feature_tests.cxx.o
/usr/bin/c++    -std=c++11 -o CMakeFiles/cmTryCompileExec896343628.dir/feature_tests.cxx.o -c /home/leo/Desktop/ext3DLBP/python_wrapper/build/CMakeFiles/feature_tests.cxx
Linking CXX executable cmTryCompileExec896343628
/usr/bin/cmake -E cmake_link_script CMakeFiles/cmTryCompileExec896343628.dir/link.txt --verbose=1
/usr/bin/c++        CMakeFiles/cmTryCompileExec896343628.dir/feature_tests.cxx.o  -o cmTryCompileExec896343628 -rdynamic 
make[1]: Leaving directory '/home/leo/Desktop/ext3DLBP/python_wrapper/build/CMakeFiles/CMakeTmp'


    Feature record: CXX_FEATURE:0cxx_aggregate_default_initializers
    Feature record: CXX_FEATURE:1cxx_alias_templates
    Feature record: CXX_FEATURE:1cxx_alignas
    Feature record: CXX_FEATURE:1cxx_alignof
    Feature record: CXX_FEATURE:1cxx_attributes
    Feature record: CXX_FEATURE:0cxx_attribute_deprecated
    Feature record: CXX_FEATURE:1cxx_auto_type
    Feature record: CXX_FEATURE:0cxx_binary_literals
    Feature record: CXX_FEATURE:1cxx_constexpr
    Feature record: CXX_FEATURE:0cxx_contextual_conversions
    Feature record: CXX_FEATURE:1cxx_decltype
    Feature record: CXX_FEATURE:0cxx_decltype_auto
    Feature record: CXX_FEATURE:1cxx_decltype_incomplete_return_types
    Feature record: CXX_FEATURE:1cxx_default_function_template_args
    Feature record: CXX_FEATURE:1cxx_defaulted_functions
    Feature record: CXX_FEATURE:1cxx_defaulted_move_initializers
    Feature record: CXX_FEATURE:1cxx_delegating_constructors
    Feature record: CXX_FEATURE:1cxx_deleted_functions
    Feature record: CXX_FEATURE:0cxx_digit_separators
    Feature record: CXX_FEATURE:1cxx_enum_forward_declarations
    Feature record: CXX_FEATURE:1cxx_explicit_conversions
    Feature record: CXX_FEATURE:1cxx_extended_friend_declarations
    Feature record: CXX_FEATURE:1cxx_extern_templates
    Feature record: CXX_FEATURE:1cxx_final
    Feature record: CXX_FEATURE:1cxx_func_identifier
    Feature record: CXX_FEATURE:1cxx_generalized_initializers
    Feature record: CXX_FEATURE:0cxx_generic_lambdas
    Feature record: CXX_FEATURE:1cxx_inheriting_constructors
    Feature record: CXX_FEATURE:1cxx_inline_namespaces
    Feature record: CXX_FEATURE:1cxx_lambdas
    Feature record: CXX_FEATURE:0cxx_lambda_init_captures
    Feature record: CXX_FEATURE:1cxx_local_type_template_args
    Feature record: CXX_FEATURE:1cxx_long_long_type
    Feature record: CXX_FEATURE:1cxx_noexcept
    Feature record: CXX_FEATURE:1cxx_nonstatic_member_init
    Feature record: CXX_FEATURE:1cxx_nullptr
    Feature record: CXX_FEATURE:1cxx_override
    Feature record: CXX_FEATURE:1cxx_range_for
    Feature record: CXX_FEATURE:1cxx_raw_string_literals
    Feature record: CXX_FEATURE:1cxx_reference_qualified_functions
    Feature record: CXX_FEATURE:0cxx_relaxed_constexpr
    Feature record: CXX_FEATURE:0cxx_return_type_deduction
    Feature record: CXX_FEATURE:1cxx_right_angle_brackets
    Feature record: CXX_FEATURE:1cxx_rvalue_references
    Feature record: CXX_FEATURE:1cxx_sizeof_member
    Feature record: CXX_FEATURE:1cxx_static_assert
    Feature record: CXX_FEATURE:1cxx_strong_enums
    Feature record: CXX_FEATURE:1cxx_template_template_parameters
    Feature record: CXX_FEATURE:1cxx_thread_local
    Feature record: CXX_FEATURE:1cxx_trailing_return_types
    Feature record: CXX_FEATURE:1cxx_unicode_literals
    Feature record: CXX_FEATURE:1cxx_uniform_initialization
    Feature record: CXX_FEATURE:1cxx_unrestricted_unions
    Feature record: CXX_FEATURE:1cxx_user_literals
    Feature record: CXX_FEATURE:0cxx_variable_templates
    Feature record: CXX_FEATURE:1cxx_variadic_macros
    Feature record: CXX_FEATURE:1cxx_variadic_templates


Detecting CXX [-std=c++98] compiler features compiled with the following output:
Change Dir: /home/leo/Desktop/ext3DLBP/python_wrapper/build/CMakeFiles/CMakeTmp

Run Build Command:"/usr/bin/make" "cmTryCompileExec4016099361/fast"
/usr/bin/make -f CMakeFiles/cmTryCompileExec4016099361.dir/build.make CMakeFiles/cmTryCompileExec4016099361.dir/build
make[1]: Entering directory '/home/leo/Desktop/ext3DLBP/python_wrapper/build/CMakeFiles/CMakeTmp'
/usr/bin/cmake -E cmake_progress_report /home/leo/Desktop/ext3DLBP/python_wrapper/build/CMakeFiles/CMakeTmp/CMakeFiles 1
Building CXX object CMakeFiles/cmTryCompileExec4016099361.dir/feature_tests.cxx.o
/usr/bin/c++    -std=c++98 -o CMakeFiles/cmTryCompileExec4016099361.dir/feature_tests.cxx.o -c /home/leo/Desktop/ext3DLBP/python_wrapper/build/CMakeFiles/feature_tests.cxx
Linking CXX executable cmTryCompileExec4016099361
/usr/bin/cmake -E cmake_link_script CMakeFiles/cmTryCompileExec4016099361.dir/link.txt --verbose=1
/usr/bin/c++        CMakeFiles/cmTryCompileExec4016099361.dir/feature_tests.cxx.o  -o cmTryCompileExec4016099361 -rdynamic 
make[1]: Leaving directory '/home/leo/Desktop/ext3DLBP/python_wrapper/build/CMakeFiles/CMakeTmp'


    Feature record: CXX_FEATURE:0cxx_aggregate_default_initializers
    Feature record: CXX_FEATURE:0cxx_alias_templates
    Feature record: CXX_FEATURE:0cxx_alignas
    Feature record: CXX_FEATURE:0cxx_alignof
    Feature record: CXX_FEATURE:0cxx_attributes
    Feature record: CXX_FEATURE:0cxx_attribute_deprecated
    Feature record: CXX_FEATURE:0cxx_auto_type
    Feature record: CXX_FEATURE:0cxx_binary_literals
    Feature record: CXX_FEATURE:0cxx_constexpr
    Feature record: CXX_FEATURE:0cxx_contextual_conversions
    Feature record: CXX_FEATURE:0cxx_decltype
    Feature record: CXX_FEATURE:0cxx_decltype_auto
    Feature record: CXX_FEATURE:0cxx_decltype_incomplete_return_types
    Feature record: CXX_FEATURE:0cxx_default_function_template_args
    Feature record: CXX_FEATURE:0cxx_defaulted_functions
    Feature record: CXX_FEATURE:0cxx_defaulted_move_initializers
    Feature record: CXX_FEATURE:0cxx_delegating_constructors
    Feature record: CXX_FEATURE:0cxx_deleted_functions
    Feature record: CXX_FEATURE:0cxx_digit_separators
    Feature record: CXX_FEATURE:0cxx_enum_forward_declarations
    Feature record: CXX_FEATURE:0cxx_explicit_conversions
    Feature record: CXX_FEATURE:0cxx_extended_friend_declarations
    Feature record: CXX_FEATURE:0cxx_extern_templates
    Feature record: CXX_FEATURE:0cxx_final
    Feature record: CXX_FEATURE:0cxx_func_identifier
    Feature record: CXX_FEATURE:0cxx_generalized_initializers
    Feature record: CXX_FEATURE:0cxx_generic_lambdas
    Feature record: CXX_FEATURE:0cxx_inheriting_constructors
    Feature record: CXX_FEATURE:0cxx_inline_namespaces
    Feature record: CXX_FEATURE:0cxx_lambdas
    Feature record: CXX_FEATURE:0cxx_lambda_init_captures
    Feature record: CXX_FEATURE:0cxx_local_type_template_args
    Feature record: CXX_FEATURE:0cxx_long_long_type
    Feature record: CXX_FEATURE:0cxx_noexcept
    Feature record: CXX_FEATURE:0cxx_nonstatic_member_init
    Feature record: CXX_FEATURE:0cxx_nullptr
    Feature record: CXX_FEATURE:0cxx_override
    Feature record: CXX_FEATURE:0cxx_range_for
    Feature record: CXX_FEATURE:0cxx_raw_string_literals
    Feature record: CXX_FEATURE:0cxx_reference_qualified_functions
    Feature record: CXX_FEATURE:0cxx_relaxed_constexpr
    Feature record: CXX_FEATURE:0cxx_return_type_deduction
    Feature record: CXX_FEATURE:0cxx_right_angle_brackets
    Feature record: CXX_FEATURE:0cxx_rvalue_references
    Feature record: CXX_FEATURE:0cxx_sizeof_member
    Feature record: CXX_FEATURE:0cxx_static_assert
    Feature record: CXX_FEATURE:0cxx_strong_enums
    Feature record: CXX_FEATURE:1cxx_template_template_parameters
    Feature record: CXX_FEATURE:0cxx_thread_local
    Feature record: CXX_FEATURE:0cxx_trailing_return_types
    Feature record: CXX_FEATURE:0cxx_unicode_literals
    Feature record: CXX_FEATURE:0cxx_uniform_initialization
    Feature record: CXX_FEATURE:0cxx_unrestricted_unions
    Feature record: CXX_FEATURE:0cxx_user_literals
    Feature record: CXX_FEATURE:0cxx_variable_templates
    Feature record: CXX_FEATURE:0cxx_variadic_macros
    Feature record: CXX_FEATURE:0cxx_variadic_templates
